03:48:44.826 [main] INFO  testCases.TC04_verifySearchFunctionalityTest - search functionality working perfectly
03:50:08.330 [main] INFO  testCases.TC01_FooterTest - ***************edgebrowser in use*************************
03:50:08.426 [main] INFO  testCases.TC01_FooterTest - Home page Loaded
03:50:10.910 [main] INFO  testCases.TC01_FooterTest - sections checked successfully
03:50:10.910 [main] INFO  testCases.TC01_FooterTest - All Sections having links are present
03:50:14.739 [main] INFO  testCases.TC02_verifyTeamLogoTest - ***************edgebrowser in use*************************
03:50:14.749 [main] INFO  testCases.TC02_verifyTeamLogoTest - home page loaded
03:50:16.322 [main] INFO  testCases.TC02_verifyTeamLogoTest - CSKlogo displayed
03:50:16.355 [main] INFO  testCases.TC02_verifyTeamLogoTest - DClogo displayed
03:50:16.384 [main] INFO  testCases.TC02_verifyTeamLogoTest - MIlogo displayed
03:50:16.432 [main] INFO  testCases.TC02_verifyTeamLogoTest - SRHlogo displayed
03:50:16.511 [main] INFO  testCases.TC02_verifyTeamLogoTest - KKRlogo displayed
03:50:16.541 [main] INFO  testCases.TC02_verifyTeamLogoTest - RCBlogo displayed
03:50:16.573 [main] INFO  testCases.TC02_verifyTeamLogoTest - GTlogo displayed
03:50:16.613 [main] INFO  testCases.TC02_verifyTeamLogoTest - LSGlogo displayed
03:50:26.656 [main] INFO  testCases.TC02_verifyTeamLogoTest - PK logo not displayed!
03:50:26.703 [main] INFO  testCases.TC02_verifyTeamLogoTest - RRlogo displayed
03:50:30.499 [main] INFO  testCases.TC02_verifyWinnersTest - ***************edgebrowser in use*************************
03:50:33.968 [main] INFO  testCases.TC02_verifyWinnersTest - home page loaded
03:50:37.145 [main] INFO  testCases.TC02_verifyWinnersTest - RR in year 2008 is displayed
03:50:37.158 [main] INFO  testCases.TC02_verifyWinnersTest - home page loaded
03:50:43.269 [main] INFO  testCases.TC02_verifyWinnersTest - CSK in year 2010 is displayed
03:50:43.278 [main] INFO  testCases.TC02_verifyWinnersTest - home page loaded
03:50:49.310 [main] INFO  testCases.TC02_verifyWinnersTest - CSK in year 2011 is displayed
03:50:49.318 [main] INFO  testCases.TC02_verifyWinnersTest - home page loaded
03:50:55.112 [main] INFO  testCases.TC02_verifyWinnersTest - KKR in year 2012 is displayed
03:50:55.126 [main] INFO  testCases.TC02_verifyWinnersTest - home page loaded
03:51:01.376 [main] INFO  testCases.TC02_verifyWinnersTest - MI in year 2013 is displayed
03:51:01.386 [main] INFO  testCases.TC02_verifyWinnersTest - home page loaded
03:51:08.073 [main] INFO  testCases.TC02_verifyWinnersTest - KKR in year 2014 is displayed
03:51:08.081 [main] INFO  testCases.TC02_verifyWinnersTest - home page loaded
03:51:14.705 [main] INFO  testCases.TC02_verifyWinnersTest - MI in year 2015 is displayed
03:51:14.715 [main] INFO  testCases.TC02_verifyWinnersTest - home page loaded
03:51:20.493 [main] INFO  testCases.TC02_verifyWinnersTest - SRH in year 2016 is displayed
03:51:20.500 [main] INFO  testCases.TC02_verifyWinnersTest - home page loaded
03:51:28.148 [main] INFO  testCases.TC02_verifyWinnersTest - MI in year 2017 is displayed
03:51:28.151 [main] INFO  testCases.TC02_verifyWinnersTest - home page loaded
03:51:34.745 [main] INFO  testCases.TC02_verifyWinnersTest - CSK in year 2018 is displayed
03:51:34.753 [main] INFO  testCases.TC02_verifyWinnersTest - home page loaded
03:51:41.479 [main] INFO  testCases.TC02_verifyWinnersTest - MI in year 2019 is displayed
03:51:41.486 [main] INFO  testCases.TC02_verifyWinnersTest - home page loaded
03:51:48.336 [main] INFO  testCases.TC02_verifyWinnersTest - MI in year 2020 is displayed
03:51:48.343 [main] INFO  testCases.TC02_verifyWinnersTest - home page loaded
03:51:54.714 [main] INFO  testCases.TC02_verifyWinnersTest - CSK in year 2021 is displayed
03:51:54.722 [main] INFO  testCases.TC02_verifyWinnersTest - home page loaded
03:52:01.628 [main] INFO  testCases.TC02_verifyWinnersTest - GT in year 2022 is displayed
03:52:01.644 [main] INFO  testCases.TC02_verifyWinnersTest - home page loaded
03:52:07.949 [main] INFO  testCases.TC02_verifyWinnersTest - CSK in year 2023 is displayed
03:52:07.952 [main] INFO  testCases.TC02_verifyWinnersTest - home page loaded
03:52:14.743 [main] INFO  testCases.TC02_verifyWinnersTest - KKR in year 2024 is displayed
03:52:14.747 [main] INFO  testCases.TC02_verifyWinnersTest - home page loaded
03:52:21.022 [main] INFO  testCases.TC02_verifyWinnersTest - RCB in year 2025 is displayed
03:52:25.058 [main] INFO  testCases.TC03_verifyTop1ScoreTest - ***************edgebrowser in use*************************
03:52:25.064 [main] INFO  testCases.TC03_verifyTop1ScoreTest - home page loaded
03:52:27.447 [main] INFO  testCases.TC03_verifyTop1ScoreTest - top 1 team RR have valid score
03:52:31.210 [main] INFO  testCases.TC04_verifySearchFunctionalityTest - ***************edgebrowser in use*************************
03:52:31.218 [main] INFO  testCases.TC04_verifySearchFunctionalityTest - Home page Loaded
