06:41:19.184 [main] INFO  testCases.TC01_FooterTest - Home page Loaded
06:41:21.129 [main] INFO  testCases.TC01_FooterTest - sections checked successfully
06:41:21.130 [main] INFO  testCases.TC01_FooterTest - All Sections having links are present
06:41:25.148 [main] INFO  testCases.TC02_verifyTeamLogoTest - home page loaded
06:41:26.569 [main] INFO  testCases.TC02_verifyTeamLogoTest - CSKlogo displayed
06:41:26.622 [main] INFO  testCases.TC02_verifyTeamLogoTest - DClogo displayed
06:41:26.649 [main] INFO  testCases.TC02_verifyTeamLogoTest - MIlogo displayed
06:41:26.709 [main] INFO  testCases.TC02_verifyTeamLogoTest - SRHlogo displayed
06:41:26.773 [main] INFO  testCases.TC02_verifyTeamLogoTest - KKRlogo displayed
06:41:26.806 [main] INFO  testCases.TC02_verifyTeamLogoTest - RCBlogo displayed
06:41:26.838 [main] INFO  testCases.TC02_verifyTeamLogoTest - GTlogo displayed
06:41:26.872 [main] INFO  testCases.TC02_verifyTeamLogoTest - LSGlogo displayed
06:41:36.922 [main] INFO  testCases.TC02_verifyTeamLogoTest - PK logo not displayed!
06:41:36.969 [main] INFO  testCases.TC02_verifyTeamLogoTest - RRlogo displayed
06:41:43.886 [main] INFO  testCases.TC02_verifyWinnersTest - home page loaded
06:41:45.576 [main] INFO  testCases.TC02_verifyWinnersTest - RR in year 2008 is displayed
06:41:45.584 [main] INFO  testCases.TC02_verifyWinnersTest - home page loaded
06:41:46.323 [main] INFO  testCases.TC02_verifyWinnersTest - CSK in year 2010 is displayed
06:41:46.340 [main] INFO  testCases.TC02_verifyWinnersTest - home page loaded
06:41:47.001 [main] INFO  testCases.TC02_verifyWinnersTest - CSK in year 2011 is displayed
06:41:47.013 [main] INFO  testCases.TC02_verifyWinnersTest - home page loaded
06:41:47.702 [main] INFO  testCases.TC02_verifyWinnersTest - KKR in year 2012 is not displayed!***
06:41:48.197 [main] INFO  testCases.TC02_verifyWinnersTest - home page loaded
06:41:48.843 [main] INFO  testCases.TC02_verifyWinnersTest - MI in year 2013 is displayed
06:41:48.852 [main] INFO  testCases.TC02_verifyWinnersTest - home page loaded
06:41:49.620 [main] INFO  testCases.TC02_verifyWinnersTest - KKR in year 2014 is not displayed!***
06:41:49.998 [main] INFO  testCases.TC02_verifyWinnersTest - home page loaded
06:41:50.692 [main] INFO  testCases.TC02_verifyWinnersTest - MI in year 2015 is displayed
06:41:50.705 [main] INFO  testCases.TC02_verifyWinnersTest - home page loaded
06:41:51.427 [main] INFO  testCases.TC02_verifyWinnersTest - SRH in year 2016 is displayed
06:41:51.438 [main] INFO  testCases.TC02_verifyWinnersTest - home page loaded
06:41:52.272 [main] INFO  testCases.TC02_verifyWinnersTest - MI in year 2017 is displayed
06:41:52.279 [main] INFO  testCases.TC02_verifyWinnersTest - home page loaded
06:41:53.057 [main] INFO  testCases.TC02_verifyWinnersTest - CSK in year 2018 is displayed
06:41:53.062 [main] INFO  testCases.TC02_verifyWinnersTest - home page loaded
06:41:53.827 [main] INFO  testCases.TC02_verifyWinnersTest - MI in year 2019 is displayed
06:41:53.839 [main] INFO  testCases.TC02_verifyWinnersTest - home page loaded
06:41:54.735 [main] INFO  testCases.TC02_verifyWinnersTest - MI in year 2020 is displayed
06:41:54.746 [main] INFO  testCases.TC02_verifyWinnersTest - home page loaded
06:41:55.522 [main] INFO  testCases.TC02_verifyWinnersTest - CSK in year 2021 is displayed
06:41:55.536 [main] INFO  testCases.TC02_verifyWinnersTest - home page loaded
06:41:56.230 [main] INFO  testCases.TC02_verifyWinnersTest - GT in year 2022 is displayed
06:41:56.235 [main] INFO  testCases.TC02_verifyWinnersTest - home page loaded
06:41:56.901 [main] INFO  testCases.TC02_verifyWinnersTest - CSK in year 2023 is displayed
06:41:56.908 [main] INFO  testCases.TC02_verifyWinnersTest - home page loaded
06:41:57.721 [main] INFO  testCases.TC02_verifyWinnersTest - KKR in year 2024 is not displayed!***
06:41:58.158 [main] INFO  testCases.TC02_verifyWinnersTest - home page loaded
06:41:58.843 [main] INFO  testCases.TC02_verifyWinnersTest - RCB in year 2025 is displayed
06:42:02.537 [main] INFO  testCases.TC03_verifyTop1ScoreTest - home page loaded
06:42:07.555 [main] INFO  testCases.TC03_verifyTop1ScoreTest - top 1 team RR have valid score
06:42:11.117 [main] INFO  testCases.TC04_verifySearchFunctionalityTest - Home page Loaded
06:42:12.778 [main] INFO  testCases.TC04_verifySearchFunctionalityTest - news page loaded
06:42:16.727 [main] INFO  testCases.TC04_verifySearchFunctionalityTest - search functionality working perfectly
